
Mar 13, 2022 11:10:58.149 NEW SESSION
Mar 13, 2022 11:10:58.150 [14212:12700:0313/111058.147:ERROR:device_event_log_impl.cc(214)] [11:10:58.147] Bluetooth: bluetooth_adapter_winrt.cc:1075 Getting Default Adapter failed.
Mar 13, 2022 11:10:58.237 [14212:12700:0313/111058.236:ERROR:device_event_log_impl.cc(214)] [11:10:58.236] USB: usb_device_handle_win.cc:1049 Failed to read descriptor from node connection: A device attached to the system is not functioning. (0x1F)
Mar 13, 2022 11:12:42.74 [5756:3056:0313/111242.073:ERROR:device_event_log_impl.cc(214)] [11:12:42.073] Bluetooth: bluetooth_adapter_winrt.cc:1075 Getting Default Adapter failed.
Mar 13, 2022 11:12:42.131 [5756:3056:0313/111242.131:ERROR:device_event_log_impl.cc(214)] [11:12:42.131] USB: usb_device_handle_win.cc:1049 Failed to read descriptor from node connection: A device attached to the system is not functioning. (0x1F)

Mar 14, 2022 18:39:03.594 NEW SESSION
Mar 14, 2022 18:39:03.594 [3916:9756:0314/183903.591:ERROR:device_event_log_impl.cc(214)] [18:39:03.591] Bluetooth: bluetooth_adapter_winrt.cc:1075 Getting Default Adapter failed.
Mar 14, 2022 18:39:03.625 [3916:5380:0314/183903.624:ERROR:connection_factory_impl.cc(425)] Failed to connect to MCS endpoint with error -106
Mar 14, 2022 18:39:03.671 [3916:9756:0314/183903.670:ERROR:device_event_log_impl.cc(214)] [18:39:03.670] USB: usb_device_handle_win.cc:1049 Failed to read descriptor from node connection: A device attached to the system is not functioning. (0x1F)
Mar 14, 2022 18:39:29.94 [3916:5380:0314/183929.093:ERROR:connection_factory_impl.cc(425)] Failed to connect to MCS endpoint with error -106
Mar 14, 2022 18:40:19.806 [3916:5380:0314/184019.805:ERROR:connection_factory_impl.cc(425)] Failed to connect to MCS endpoint with error -106
Mar 14, 2022 18:41:53.594 [3916:5380:0314/184153.593:ERROR:connection_factory_impl.cc(425)] Failed to connect to MCS endpoint with error -106
Mar 14, 2022 18:44:58.42 [3916:5380:0314/184458.041:ERROR:connection_factory_impl.cc(425)] Failed to connect to MCS endpoint with error -106
Mar 14, 2022 18:51:06.164 [3916:5380:0314/185106.162:ERROR:connection_factory_impl.cc(425)] Failed to connect to MCS endpoint with error -106
Mar 14, 2022 19:01:06.178 [3916:5380:0314/190106.177:ERROR:connection_factory_impl.cc(425)] Failed to connect to MCS endpoint with error -106

Mar 16, 2022 14:18:21.885 NEW SESSION
Mar 16, 2022 14:18:21.885 [14624:3268:0316/141821.884:ERROR:device_event_log_impl.cc(214)] [14:18:21.884] Bluetooth: bluetooth_adapter_winrt.cc:1075 Getting Default Adapter failed.
Mar 16, 2022 14:18:21.925 [14624:4944:0316/141821.924:ERROR:connection_factory_impl.cc(425)] Failed to connect to MCS endpoint with error -106
Mar 16, 2022 14:18:21.975 [14624:3268:0316/141821.975:ERROR:device_event_log_impl.cc(214)] [14:18:21.976] USB: usb_device_handle_win.cc:1049 Failed to read descriptor from node connection: A device attached to the system is not functioning. (0x1F)
Mar 16, 2022 14:18:45.974 [14624:4944:0316/141845.973:ERROR:connection_factory_impl.cc(425)] Failed to connect to MCS endpoint with error -106
Mar 16, 2022 14:18:53.111 [14624:3268:0316/141853.110:ERROR:account_info_fetcher.cc(62)] OnGetTokenFailure: Connection failed (-106).
Mar 16, 2022 14:19:32.662 [14624:4944:0316/141932.661:ERROR:connection_factory_impl.cc(425)] Failed to connect to MCS endpoint with error -106
Mar 16, 2022 14:21:12.483 [14624:4944:0316/142112.481:ERROR:connection_factory_impl.cc(425)] Failed to connect to MCS endpoint with error -106
Mar 16, 2022 14:24:29.628 [14624:4944:0316/142429.627:ERROR:connection_factory_impl.cc(425)] Failed to connect to MCS endpoint with error -106
Mar 16, 2022 14:32:12.692 [14624:4944:0316/143212.690:ERROR:connection_factory_impl.cc(425)] Failed to connect to MCS endpoint with error -106

Mar 17, 2022 18:07:24.813 NEW SESSION
Mar 17, 2022 18:07:24.813 [11456:1104:0317/180724.811:ERROR:device_event_log_impl.cc(214)] [18:07:24.812] Bluetooth: bluetooth_adapter_winrt.cc:1075 Getting Default Adapter failed.
Mar 17, 2022 18:07:24.831 [11456:8424:0317/180724.831:ERROR:connection_factory_impl.cc(425)] Failed to connect to MCS endpoint with error -106
Mar 17, 2022 18:07:24.905 [11456:1104:0317/180724.905:ERROR:device_event_log_impl.cc(214)] [18:07:24.905] USB: usb_device_handle_win.cc:1049 Failed to read descriptor from node connection: A device attached to the system is not functioning. (0x1F)
Mar 17, 2022 18:07:50.536 [11456:8424:0317/180750.535:ERROR:connection_factory_impl.cc(425)] Failed to connect to MCS endpoint with error -106
Mar 17, 2022 18:07:55.287 [11456:1104:0317/180755.286:ERROR:account_info_fetcher.cc(62)] OnGetTokenFailure: Connection failed (-106).
Mar 17, 2022 18:08:45.128 [11456:8424:0317/180845.127:ERROR:connection_factory_impl.cc(425)] Failed to connect to MCS endpoint with error -106
Mar 17, 2022 18:10:39.336 [11456:8424:0317/181039.335:ERROR:connection_factory_impl.cc(425)] Failed to connect to MCS endpoint with error -106
Mar 17, 2022 18:13:37.984 [11456:8424:0317/181337.983:ERROR:connection_factory_impl.cc(425)] Failed to connect to MCS endpoint with error -106
Mar 17, 2022 18:20:20.436 [11456:8424:0317/182020.393:ERROR:connection_factory_impl.cc(425)] Failed to connect to MCS endpoint with error -106
Mar 17, 2022 18:30:20.405 [11456:8424:0317/183020.404:ERROR:connection_factory_impl.cc(425)] Failed to connect to MCS endpoint with error -106
Mar 17, 2022 18:40:20.418 [11456:8424:0317/184020.417:ERROR:connection_factory_impl.cc(425)] Failed to connect to MCS endpoint with error -106
Mar 17, 2022 18:50:20.425 [11456:8424:0317/185020.424:ERROR:connection_factory_impl.cc(425)] Failed to connect to MCS endpoint with error -106
Mar 17, 2022 19:00:20.431 [11456:8424:0317/190020.430:ERROR:connection_factory_impl.cc(425)] Failed to connect to MCS endpoint with error -106
Mar 17, 2022 19:10:22.577 [11456:8424:0317/191022.575:ERROR:connection_factory_impl.cc(425)] Failed to connect to MCS endpoint with error -106
Mar 17, 2022 19:10:43.273 [11456:8424:0317/191043.272:ERROR:connection_factory_impl.cc(425)] Failed to connect to MCS endpoint with error -106
Mar 17, 2022 19:11:37.29 [11456:8424:0317/191137.028:ERROR:connection_factory_impl.cc(425)] Failed to connect to MCS endpoint with error -106
Mar 17, 2022 19:13:04.918 [11456:8424:0317/191304.917:ERROR:connection_factory_impl.cc(425)] Failed to connect to MCS endpoint with error -106
Mar 17, 2022 19:16:59.796 [11456:8424:0317/191659.795:ERROR:connection_factory_impl.cc(425)] Failed to connect to MCS endpoint with error -106
Mar 17, 2022 19:23:04.209 [11456:8424:0317/192304.208:ERROR:connection_factory_impl.cc(425)] Failed to connect to MCS endpoint with error -106
Mar 17, 2022 19:29:42.883 [11456:8424:0317/192942.882:ERROR:connection_factory_impl.cc(425)] Failed to connect to MCS endpoint with error -105
Mar 17, 2022 19:29:45.468 [11456:8424:0317/192945.467:ERROR:connection_factory_impl.cc(425)] Failed to connect to MCS endpoint with error -105
Mar 17, 2022 19:29:51.892 [11456:8424:0317/192951.891:ERROR:connection_factory_impl.cc(425)] Failed to connect to MCS endpoint with error -105
Mar 17, 2022 19:29:54.274 [11456:8424:0317/192954.273:ERROR:connection_factory_impl.cc(425)] Failed to connect to MCS endpoint with error -106

Mar 17, 2022 20:39:28.257 NEW SESSION
Mar 17, 2022 20:39:28.258 [1168:8120:0317/203928.256:ERROR:device_event_log_impl.cc(214)] [20:39:28.256] Bluetooth: bluetooth_adapter_winrt.cc:1075 Getting Default Adapter failed.
Mar 17, 2022 20:39:28.342 [1168:8120:0317/203928.341:ERROR:device_event_log_impl.cc(214)] [20:39:28.341] USB: usb_device_handle_win.cc:1049 Failed to read descriptor from node connection: A device attached to the system is not functioning. (0x1F)
Mar 17, 2022 22:43:49.914 [1168:8120:0317/224349.913:ERROR:CONSOLE(0)] "TypeError: Cannot read properties of null (reading '__widget')", source:  (0)
Mar 17, 2022 23:49:59.303 [1168:8120:0317/234959.303:ERROR:fallback_task_provider.cc(124)] Every renderer should have at least one task provided by a primary task provider. If a "Renderer" fallback task is shown, it is a bug. If you have repro steps, please file a new bug and tag it as a dependency of crbug.com/739782.
Mar 17, 2022 23:49:59.304 [1168:8120:0317/234959.303:ERROR:fallback_task_provider.cc(124)] Every renderer should have at least one task provided by a primary task provider. If a "Renderer" fallback task is shown, it is a bug. If you have repro steps, please file a new bug and tag it as a dependency of crbug.com/739782.
Mar 17, 2022 23:49:59.305 [1168:8120:0317/234959.303:ERROR:fallback_task_provider.cc(124)] Every renderer should have at least one task provided by a primary task provider. If a "Renderer" fallback task is shown, it is a bug. If you have repro steps, please file a new bug and tag it as a dependency of crbug.com/739782.
Mar 17, 2022 23:49:59.306 [1168:8120:0317/234959.303:ERROR:fallback_task_provider.cc(124)] Every renderer should have at least one task provided by a primary task provider. If a "Renderer" fallback task is shown, it is a bug. If you have repro steps, please file a new bug and tag it as a dependency of crbug.com/739782.
Mar 17, 2022 23:49:59.307 [1168:8120:0317/234959.303:ERROR:fallback_task_provider.cc(124)] Every renderer should have at least one task provided by a primary task provider. If a "Renderer" fallback task is shown, it is a bug. If you have repro steps, please file a new bug and tag it as a dependency of crbug.com/739782.
Mar 17, 2022 23:49:59.307 [1168:8120:0317/234959.303:ERROR:fallback_task_provider.cc(124)] Every renderer should have at least one task provided by a primary task provider. If a "Renderer" fallback task is shown, it is a bug. If you have repro steps, please file a new bug and tag it as a dependency of crbug.com/739782.
Mar 17, 2022 23:49:59.308 [1168:8120:0317/234959.303:ERROR:fallback_task_provider.cc(124)] Every renderer should have at least one task provided by a primary task provider. If a "Renderer" fallback task is shown, it is a bug. If you have repro steps, please file a new bug and tag it as a dependency of crbug.com/739782.
Mar 17, 2022 23:49:59.309 [1168:8120:0317/234959.303:ERROR:fallback_task_provider.cc(124)] Every renderer should have at least one task provided by a primary task provider. If a "Renderer" fallback task is shown, it is a bug. If you have repro steps, please file a new bug and tag it as a dependency of crbug.com/739782.
Mar 17, 2022 23:49:59.310 [1168:8120:0317/234959.303:ERROR:fallback_task_provider.cc(124)] Every renderer should have at least one task provided by a primary task provider. If a "Renderer" fallback task is shown, it is a bug. If you have repro steps, please file a new bug and tag it as a dependency of crbug.com/739782.
Mar 17, 2022 23:49:59.310 [1168:8120:0317/234959.303:ERROR:fallback_task_provider.cc(124)] Every renderer should have at least one task provided by a primary task provider. If a "Renderer" fallback task is shown, it is a bug. If you have repro steps, please file a new bug and tag it as a dependency of crbug.com/739782.
Mar 17, 2022 23:49:59.311 [1168:8120:0317/234959.303:ERROR:fallback_task_provider.cc(124)] Every renderer should have at least one task provided by a primary task provider. If a "Renderer" fallback task is shown, it is a bug. If you have repro steps, please file a new bug and tag it as a dependency of crbug.com/739782.
Mar 17, 2022 23:49:59.312 [1168:8120:0317/234959.303:ERROR:fallback_task_provider.cc(124)] Every renderer should have at least one task provided by a primary task provider. If a "Renderer" fallback task is shown, it is a bug. If you have repro steps, please file a new bug and tag it as a dependency of crbug.com/739782.
Mar 17, 2022 23:49:59.313 [1168:8120:0317/234959.303:ERROR:fallback_task_provider.cc(124)] Every renderer should have at least one task provided by a primary task provider. If a "Renderer" fallback task is shown, it is a bug. If you have repro steps, please file a new bug and tag it as a dependency of crbug.com/739782.
Mar 17, 2022 23:49:59.313 [1168:8120:0317/234959.303:ERROR:fallback_task_provider.cc(124)] Every renderer should have at least one task provided by a primary task provider. If a "Renderer" fallback task is shown, it is a bug. If you have repro steps, please file a new bug and tag it as a dependency of crbug.com/739782.
Mar 17, 2022 23:49:59.315 [1168:8120:0317/234959.303:ERROR:fallback_task_provider.cc(124)] Every renderer should have at least one task provided by a primary task provider. If a "Renderer" fallback task is shown, it is a bug. If you have repro steps, please file a new bug and tag it as a dependency of crbug.com/739782.
Mar 17, 2022 23:49:59.316 [1168:8120:0317/234959.303:ERROR:fallback_task_provider.cc(124)] Every renderer should have at least one task provided by a primary task provider. If a "Renderer" fallback task is shown, it is a bug. If you have repro steps, please file a new bug and tag it as a dependency of crbug.com/739782.
Mar 18, 2022 24:31:41.282 [1168:8120:0318/003141.281:ERROR:interface_endpoint_client.cc(659)] Message 0 rejected by interface blink.mojom.WidgetHost
Mar 18, 2022 01:35:18.606 [1168:8120:0318/013518.605:ERROR:fallback_task_provider.cc(124)] Every renderer should have at least one task provided by a primary task provider. If a "Renderer" fallback task is shown, it is a bug. If you have repro steps, please file a new bug and tag it as a dependency of crbug.com/739782.
Mar 18, 2022 01:35:50.570 [1168:8120:0318/013550.569:ERROR:fallback_task_provider.cc(124)] Every renderer should have at least one task provided by a primary task provider. If a "Renderer" fallback task is shown, it is a bug. If you have repro steps, please file a new bug and tag it as a dependency of crbug.com/739782.
Mar 18, 2022 01:37:40.167 [1168:8120:0318/013740.167:ERROR:fallback_task_provider.cc(124)] Every renderer should have at least one task provided by a primary task provider. If a "Renderer" fallback task is shown, it is a bug. If you have repro steps, please file a new bug and tag it as a dependency of crbug.com/739782.
Mar 18, 2022 01:38:37.979 [1168:8120:0318/013837.978:ERROR:fallback_task_provider.cc(124)] Every renderer should have at least one task provided by a primary task provider. If a "Renderer" fallback task is shown, it is a bug. If you have repro steps, please file a new bug and tag it as a dependency of crbug.com/739782.
Mar 18, 2022 01:42:20.869 [1168:8120:0318/014220.868:ERROR:fallback_task_provider.cc(124)] Every renderer should have at least one task provided by a primary task provider. If a "Renderer" fallback task is shown, it is a bug. If you have repro steps, please file a new bug and tag it as a dependency of crbug.com/739782.
Mar 18, 2022 01:42:22.856 [1168:8120:0318/014222.855:ERROR:fallback_task_provider.cc(124)] Every renderer should have at least one task provided by a primary task provider. If a "Renderer" fallback task is shown, it is a bug. If you have repro steps, please file a new bug and tag it as a dependency of crbug.com/739782.
Mar 18, 2022 01:45:13.220 [1168:8120:0318/014513.220:ERROR:fallback_task_provider.cc(124)] Every renderer should have at least one task provided by a primary task provider. If a "Renderer" fallback task is shown, it is a bug. If you have repro steps, please file a new bug and tag it as a dependency of crbug.com/739782.
Mar 18, 2022 01:45:52.223 [1168:8120:0318/014552.223:ERROR:fallback_task_provider.cc(124)] Every renderer should have at least one task provided by a primary task provider. If a "Renderer" fallback task is shown, it is a bug. If you have repro steps, please file a new bug and tag it as a dependency of crbug.com/739782.
Mar 18, 2022 01:48:53.607 [1168:8120:0318/014853.606:ERROR:fallback_task_provider.cc(124)] Every renderer should have at least one task provided by a primary task provider. If a "Renderer" fallback task is shown, it is a bug. If you have repro steps, please file a new bug and tag it as a dependency of crbug.com/739782.
Mar 18, 2022 02:01:21.436 [1168:8120:0318/020121.436:ERROR:fallback_task_provider.cc(124)] Every renderer should have at least one task provided by a primary task provider. If a "Renderer" fallback task is shown, it is a bug. If you have repro steps, please file a new bug and tag it as a dependency of crbug.com/739782.
Mar 18, 2022 02:02:31.599 [1168:8120:0318/020231.599:ERROR:fallback_task_provider.cc(124)] Every renderer should have at least one task provided by a primary task provider. If a "Renderer" fallback task is shown, it is a bug. If you have repro steps, please file a new bug and tag it as a dependency of crbug.com/739782.
Mar 18, 2022 02:02:36.694 [1168:8120:0318/020236.693:ERROR:fallback_task_provider.cc(124)] Every renderer should have at least one task provided by a primary task provider. If a "Renderer" fallback task is shown, it is a bug. If you have repro steps, please file a new bug and tag it as a dependency of crbug.com/739782.
Mar 18, 2022 02:06:15.454 [1168:8120:0318/020615.454:ERROR:fallback_task_provider.cc(124)] Every renderer should have at least one task provided by a primary task provider. If a "Renderer" fallback task is shown, it is a bug. If you have repro steps, please file a new bug and tag it as a dependency of crbug.com/739782.
Mar 18, 2022 02:07:18.983 [1168:8120:0318/020718.983:ERROR:fallback_task_provider.cc(124)] Every renderer should have at least one task provided by a primary task provider. If a "Renderer" fallback task is shown, it is a bug. If you have repro steps, please file a new bug and tag it as a dependency of crbug.com/739782.
Mar 18, 2022 02:08:39.822 [1168:8120:0318/020839.822:ERROR:fallback_task_provider.cc(124)] Every renderer should have at least one task provided by a primary task provider. If a "Renderer" fallback task is shown, it is a bug. If you have repro steps, please file a new bug and tag it as a dependency of crbug.com/739782.
Mar 18, 2022 02:10:42.632 [1168:8120:0318/021042.632:ERROR:fallback_task_provider.cc(124)] Every renderer should have at least one task provided by a primary task provider. If a "Renderer" fallback task is shown, it is a bug. If you have repro steps, please file a new bug and tag it as a dependency of crbug.com/739782.
Mar 18, 2022 02:10:45.537 [1168:8120:0318/021045.537:ERROR:fallback_task_provider.cc(124)] Every renderer should have at least one task provided by a primary task provider. If a "Renderer" fallback task is shown, it is a bug. If you have repro steps, please file a new bug and tag it as a dependency of crbug.com/739782.
Mar 18, 2022 02:11:06.621 [1168:8120:0318/021106.620:ERROR:fallback_task_provider.cc(124)] Every renderer should have at least one task provided by a primary task provider. If a "Renderer" fallback task is shown, it is a bug. If you have repro steps, please file a new bug and tag it as a dependency of crbug.com/739782.
Mar 18, 2022 02:12:36.927 [1168:8120:0318/021236.927:ERROR:fallback_task_provider.cc(124)] Every renderer should have at least one task provided by a primary task provider. If a "Renderer" fallback task is shown, it is a bug. If you have repro steps, please file a new bug and tag it as a dependency of crbug.com/739782.
Mar 18, 2022 02:12:50.377 [1168:8120:0318/021250.377:ERROR:fallback_task_provider.cc(124)] Every renderer should have at least one task provided by a primary task provider. If a "Renderer" fallback task is shown, it is a bug. If you have repro steps, please file a new bug and tag it as a dependency of crbug.com/739782.
Mar 18, 2022 02:13:27.49 [1168:8120:0318/021327.049:ERROR:service_worker_task_queue.cc(213)] DidStartWorkerFail nkeimhogjdpnpccoofpliimaahmaaome: 14
Mar 18, 2022 02:13:32.825 [1168:8120:0318/021332.824:ERROR:fallback_task_provider.cc(124)] Every renderer should have at least one task provided by a primary task provider. If a "Renderer" fallback task is shown, it is a bug. If you have repro steps, please file a new bug and tag it as a dependency of crbug.com/739782.
Mar 18, 2022 02:14:07.801 [1168:8120:0318/021407.801:ERROR:fallback_task_provider.cc(124)] Every renderer should have at least one task provided by a primary task provider. If a "Renderer" fallback task is shown, it is a bug. If you have repro steps, please file a new bug and tag it as a dependency of crbug.com/739782.
Mar 18, 2022 02:14:07.817 [1168:8120:0318/021407.817:ERROR:fallback_task_provider.cc(124)] Every renderer should have at least one task provided by a primary task provider. If a "Renderer" fallback task is shown, it is a bug. If you have repro steps, please file a new bug and tag it as a dependency of crbug.com/739782.
Mar 18, 2022 02:15:09.478 [1168:8120:0318/021509.478:ERROR:fallback_task_provider.cc(124)] Every renderer should have at least one task provided by a primary task provider. If a "Renderer" fallback task is shown, it is a bug. If you have repro steps, please file a new bug and tag it as a dependency of crbug.com/739782.
Mar 18, 2022 02:16:12.820 [1168:8120:0318/021612.819:ERROR:fallback_task_provider.cc(124)] Every renderer should have at least one task provided by a primary task provider. If a "Renderer" fallback task is shown, it is a bug. If you have repro steps, please file a new bug and tag it as a dependency of crbug.com/739782.
Mar 18, 2022 02:22:23.922 [1168:8120:0318/022223.922:ERROR:fallback_task_provider.cc(124)] Every renderer should have at least one task provided by a primary task provider. If a "Renderer" fallback task is shown, it is a bug. If you have repro steps, please file a new bug and tag it as a dependency of crbug.com/739782.
Mar 18, 2022 02:24:28.728 [1168:8120:0318/022428.728:ERROR:fallback_task_provider.cc(124)] Every renderer should have at least one task provided by a primary task provider. If a "Renderer" fallback task is shown, it is a bug. If you have repro steps, please file a new bug and tag it as a dependency of crbug.com/739782.
Mar 18, 2022 02:25:33.644 [1168:8120:0318/022533.644:ERROR:fallback_task_provider.cc(124)] Every renderer should have at least one task provided by a primary task provider. If a "Renderer" fallback task is shown, it is a bug. If you have repro steps, please file a new bug and tag it as a dependency of crbug.com/739782.
Mar 18, 2022 02:26:35.820 [1168:8120:0318/022635.820:ERROR:fallback_task_provider.cc(124)] Every renderer should have at least one task provided by a primary task provider. If a "Renderer" fallback task is shown, it is a bug. If you have repro steps, please file a new bug and tag it as a dependency of crbug.com/739782.
Mar 18, 2022 02:26:58.500 [1168:8120:0318/022658.500:ERROR:fallback_task_provider.cc(124)] Every renderer should have at least one task provided by a primary task provider. If a "Renderer" fallback task is shown, it is a bug. If you have repro steps, please file a new bug and tag it as a dependency of crbug.com/739782.
Mar 18, 2022 02:26:58.510 [1168:8120:0318/022658.510:ERROR:fallback_task_provider.cc(124)] Every renderer should have at least one task provided by a primary task provider. If a "Renderer" fallback task is shown, it is a bug. If you have repro steps, please file a new bug and tag it as a dependency of crbug.com/739782.
Mar 18, 2022 02:27:51.344 [1168:8120:0318/022751.344:ERROR:fallback_task_provider.cc(124)] Every renderer should have at least one task provided by a primary task provider. If a "Renderer" fallback task is shown, it is a bug. If you have repro steps, please file a new bug and tag it as a dependency of crbug.com/739782.
Mar 18, 2022 02:28:59.121 [1168:8120:0318/022859.121:ERROR:fallback_task_provider.cc(124)] Every renderer should have at least one task provided by a primary task provider. If a "Renderer" fallback task is shown, it is a bug. If you have repro steps, please file a new bug and tag it as a dependency of crbug.com/739782.
Mar 18, 2022 02:30:28.583 [1168:8120:0318/023028.583:ERROR:fallback_task_provider.cc(124)] Every renderer should have at least one task provided by a primary task provider. If a "Renderer" fallback task is shown, it is a bug. If you have repro steps, please file a new bug and tag it as a dependency of crbug.com/739782.
Mar 18, 2022 02:30:39.767 [1168:8120:0318/023039.767:ERROR:fallback_task_provider.cc(124)] Every renderer should have at least one task provided by a primary task provider. If a "Renderer" fallback task is shown, it is a bug. If you have repro steps, please file a new bug and tag it as a dependency of crbug.com/739782.
Mar 18, 2022 02:30:43.111 [1168:8120:0318/023043.111:ERROR:fallback_task_provider.cc(124)] Every renderer should have at least one task provided by a primary task provider. If a "Renderer" fallback task is shown, it is a bug. If you have repro steps, please file a new bug and tag it as a dependency of crbug.com/739782.
Mar 18, 2022 02:31:03.678 [1168:8120:0318/023103.677:ERROR:fallback_task_provider.cc(124)] Every renderer should have at least one task provided by a primary task provider. If a "Renderer" fallback task is shown, it is a bug. If you have repro steps, please file a new bug and tag it as a dependency of crbug.com/739782.
Mar 18, 2022 02:31:54.789 [1168:8120:0318/023154.789:ERROR:fallback_task_provider.cc(124)] Every renderer should have at least one task provided by a primary task provider. If a "Renderer" fallback task is shown, it is a bug. If you have repro steps, please file a new bug and tag it as a dependency of crbug.com/739782.
Mar 18, 2022 02:32:57.107 [1168:8120:0318/023257.107:ERROR:fallback_task_provider.cc(124)] Every renderer should have at least one task provided by a primary task provider. If a "Renderer" fallback task is shown, it is a bug. If you have repro steps, please file a new bug and tag it as a dependency of crbug.com/739782.
Mar 18, 2022 02:33:48.444 [1168:8120:0318/023348.444:ERROR:fallback_task_provider.cc(124)] Every renderer should have at least one task provided by a primary task provider. If a "Renderer" fallback task is shown, it is a bug. If you have repro steps, please file a new bug and tag it as a dependency of crbug.com/739782.
Mar 18, 2022 02:33:52.960 [1168:8120:0318/023352.960:ERROR:fallback_task_provider.cc(124)] Every renderer should have at least one task provided by a primary task provider. If a "Renderer" fallback task is shown, it is a bug. If you have repro steps, please file a new bug and tag it as a dependency of crbug.com/739782.
Mar 18, 2022 02:35:01.484 [1168:8120:0318/023501.484:ERROR:fallback_task_provider.cc(124)] Every renderer should have at least one task provided by a primary task provider. If a "Renderer" fallback task is shown, it is a bug. If you have repro steps, please file a new bug and tag it as a dependency of crbug.com/739782.
Mar 18, 2022 02:36:02.835 [1168:8120:0318/023602.835:ERROR:fallback_task_provider.cc(124)] Every renderer should have at least one task provided by a primary task provider. If a "Renderer" fallback task is shown, it is a bug. If you have repro steps, please file a new bug and tag it as a dependency of crbug.com/739782.
Mar 18, 2022 02:36:41.320 [1168:8120:0318/023641.319:ERROR:fallback_task_provider.cc(124)] Every renderer should have at least one task provided by a primary task provider. If a "Renderer" fallback task is shown, it is a bug. If you have repro steps, please file a new bug and tag it as a dependency of crbug.com/739782.
Mar 18, 2022 02:37:27.303 [1168:8120:0318/023727.303:ERROR:fallback_task_provider.cc(124)] Every renderer should have at least one task provided by a primary task provider. If a "Renderer" fallback task is shown, it is a bug. If you have repro steps, please file a new bug and tag it as a dependency of crbug.com/739782.

Mar 18, 2022 14:47:19.541 NEW SESSION
Mar 18, 2022 14:47:19.541 [12696:13800:0318/144719.539:ERROR:fallback_task_provider.cc(124)] Every renderer should have at least one task provided by a primary task provider. If a "Renderer" fallback task is shown, it is a bug. If you have repro steps, please file a new bug and tag it as a dependency of crbug.com/739782.
Mar 18, 2022 14:47:21.254 [12696:13800:0318/144721.253:ERROR:device_event_log_impl.cc(214)] [14:47:21.253] Bluetooth: bluetooth_adapter_winrt.cc:1075 Getting Default Adapter failed.
Mar 18, 2022 14:47:21.307 [12696:13800:0318/144721.307:ERROR:device_event_log_impl.cc(214)] [14:47:21.308] USB: usb_device_handle_win.cc:1049 Failed to read descriptor from node connection: A device attached to the system is not functioning. (0x1F)
Mar 18, 2022 14:47:24.913 [12696:13800:0318/144724.913:ERROR:fallback_task_provider.cc(124)] Every renderer should have at least one task provided by a primary task provider. If a "Renderer" fallback task is shown, it is a bug. If you have repro steps, please file a new bug and tag it as a dependency of crbug.com/739782.
Mar 18, 2022 14:47:28.979 [12696:13800:0318/144728.979:ERROR:fallback_task_provider.cc(124)] Every renderer should have at least one task provided by a primary task provider. If a "Renderer" fallback task is shown, it is a bug. If you have repro steps, please file a new bug and tag it as a dependency of crbug.com/739782.
Mar 18, 2022 14:47:30.925 [12696:13800:0318/144730.921:ERROR:fallback_task_provider.cc(124)] Every renderer should have at least one task provided by a primary task provider. If a "Renderer" fallback task is shown, it is a bug. If you have repro steps, please file a new bug and tag it as a dependency of crbug.com/739782.
Mar 18, 2022 14:47:30.932 [12696:13800:0318/144730.932:ERROR:fallback_task_provider.cc(124)] Every renderer should have at least one task provided by a primary task provider. If a "Renderer" fallback task is shown, it is a bug. If you have repro steps, please file a new bug and tag it as a dependency of crbug.com/739782.
Mar 18, 2022 14:47:30.937 [12696:13800:0318/144730.936:ERROR:fallback_task_provider.cc(124)] Every renderer should have at least one task provided by a primary task provider. If a "Renderer" fallback task is shown, it is a bug. If you have repro steps, please file a new bug and tag it as a dependency of crbug.com/739782.
Mar 18, 2022 14:47:30.960 [12696:13800:0318/144730.960:ERROR:fallback_task_provider.cc(124)] Every renderer should have at least one task provided by a primary task provider. If a "Renderer" fallback task is shown, it is a bug. If you have repro steps, please file a new bug and tag it as a dependency of crbug.com/739782.
Mar 18, 2022 14:47:31.68 [12696:13800:0318/144731.067:ERROR:fallback_task_provider.cc(124)] Every renderer should have at least one task provided by a primary task provider. If a "Renderer" fallback task is shown, it is a bug. If you have repro steps, please file a new bug and tag it as a dependency of crbug.com/739782.
Mar 18, 2022 14:47:34.974 [12696:13800:0318/144734.974:ERROR:fallback_task_provider.cc(124)] Every renderer should have at least one task provided by a primary task provider. If a "Renderer" fallback task is shown, it is a bug. If you have repro steps, please file a new bug and tag it as a dependency of crbug.com/739782.
Mar 18, 2022 14:47:36.336 [12696:13800:0318/144736.336:ERROR:fallback_task_provider.cc(124)] Every renderer should have at least one task provided by a primary task provider. If a "Renderer" fallback task is shown, it is a bug. If you have repro steps, please file a new bug and tag it as a dependency of crbug.com/739782.
Mar 18, 2022 14:47:36.346 [12696:13800:0318/144736.345:ERROR:fallback_task_provider.cc(124)] Every renderer should have at least one task provided by a primary task provider. If a "Renderer" fallback task is shown, it is a bug. If you have repro steps, please file a new bug and tag it as a dependency of crbug.com/739782.
Mar 18, 2022 14:47:36.362 [12696:13800:0318/144736.362:ERROR:fallback_task_provider.cc(124)] Every renderer should have at least one task provided by a primary task provider. If a "Renderer" fallback task is shown, it is a bug. If you have repro steps, please file a new bug and tag it as a dependency of crbug.com/739782.
Mar 18, 2022 14:47:36.374 [12696:13800:0318/144736.374:ERROR:fallback_task_provider.cc(124)] Every renderer should have at least one task provided by a primary task provider. If a "Renderer" fallback task is shown, it is a bug. If you have repro steps, please file a new bug and tag it as a dependency of crbug.com/739782.
Mar 18, 2022 14:47:37.942 [12696:13800:0318/144737.942:ERROR:fallback_task_provider.cc(124)] Every renderer should have at least one task provided by a primary task provider. If a "Renderer" fallback task is shown, it is a bug. If you have repro steps, please file a new bug and tag it as a dependency of crbug.com/739782.
Mar 18, 2022 14:47:39.914 [12696:13800:0318/144739.914:ERROR:fallback_task_provider.cc(124)] Every renderer should have at least one task provided by a primary task provider. If a "Renderer" fallback task is shown, it is a bug. If you have repro steps, please file a new bug and tag it as a dependency of crbug.com/739782.
Mar 18, 2022 14:47:39.927 [12696:13800:0318/144739.927:ERROR:fallback_task_provider.cc(124)] Every renderer should have at least one task provided by a primary task provider. If a "Renderer" fallback task is shown, it is a bug. If you have repro steps, please file a new bug and tag it as a dependency of crbug.com/739782.
Mar 18, 2022 14:47:39.933 [12696:13800:0318/144739.933:ERROR:fallback_task_provider.cc(124)] Every renderer should have at least one task provided by a primary task provider. If a "Renderer" fallback task is shown, it is a bug. If you have repro steps, please file a new bug and tag it as a dependency of crbug.com/739782.
Mar 18, 2022 14:47:40.46 [12696:13800:0318/144740.046:ERROR:fallback_task_provider.cc(124)] Every renderer should have at least one task provided by a primary task provider. If a "Renderer" fallback task is shown, it is a bug. If you have repro steps, please file a new bug and tag it as a dependency of crbug.com/739782.
Mar 18, 2022 15:46:57.272 [12696:13800:0318/154657.272:ERROR:CONSOLE(0)] "TypeError: Cannot read properties of null (reading '__widget')", source:  (0)
Mar 18, 2022 15:48:02.64 [12696:13800:0318/154802.063:ERROR:CONSOLE(0)] "TypeError: Cannot read properties of null (reading '__widget')", source:  (0)
Mar 18, 2022 15:48:56.819 [12696:13800:0318/154856.819:ERROR:CONSOLE(0)] "TypeError: Cannot read properties of null (reading '__widget')", source:  (0)
Mar 18, 2022 15:52:33.492 [12696:13800:0318/155233.491:ERROR:CONSOLE(0)] "TypeError: Cannot read properties of null (reading '__widget')", source:  (0)
Mar 18, 2022 15:54:00.739 [12696:13800:0318/155400.738:ERROR:fallback_task_provider.cc(124)] Every renderer should have at least one task provided by a primary task provider. If a "Renderer" fallback task is shown, it is a bug. If you have repro steps, please file a new bug and tag it as a dependency of crbug.com/739782.
Mar 18, 2022 15:54:04.992 [12696:13800:0318/155404.991:ERROR:fallback_task_provider.cc(124)] Every renderer should have at least one task provided by a primary task provider. If a "Renderer" fallback task is shown, it is a bug. If you have repro steps, please file a new bug and tag it as a dependency of crbug.com/739782.
Mar 18, 2022 15:58:01.332 [12696:13800:0318/155801.332:ERROR:fallback_task_provider.cc(124)] Every renderer should have at least one task provided by a primary task provider. If a "Renderer" fallback task is shown, it is a bug. If you have repro steps, please file a new bug and tag it as a dependency of crbug.com/739782.
Mar 18, 2022 15:59:25.594 [12696:13800:0318/155925.594:ERROR:fallback_task_provider.cc(124)] Every renderer should have at least one task provided by a primary task provider. If a "Renderer" fallback task is shown, it is a bug. If you have repro steps, please file a new bug and tag it as a dependency of crbug.com/739782.
Mar 18, 2022 16:10:45.981 [12696:13800:0318/161045.980:ERROR:CONSOLE(0)] "TypeError: Cannot read properties of null (reading '__widget')", source:  (0)
Mar 18, 2022 16:33:26.679 [12696:15564:0318/163326.678:ERROR:connection_factory_impl.cc(425)] Failed to connect to MCS endpoint with error -106
Mar 18, 2022 16:33:51.522 [12696:15564:0318/163351.521:ERROR:connection_factory_impl.cc(425)] Failed to connect to MCS endpoint with error -106
Mar 18, 2022 16:34:39.729 [12696:15564:0318/163439.728:ERROR:connection_factory_impl.cc(425)] Failed to connect to MCS endpoint with error -106
Mar 18, 2022 16:36:07.315 [12696:15564:0318/163607.314:ERROR:connection_factory_impl.cc(425)] Failed to connect to MCS endpoint with error -106
Mar 18, 2022 16:39:31.252 [12696:15564:0318/163931.250:ERROR:connection_factory_impl.cc(425)] Failed to connect to MCS endpoint with error -106
Mar 18, 2022 16:45:21.357 [12696:15564:0318/164521.355:ERROR:connection_factory_impl.cc(425)] Failed to connect to MCS endpoint with error -106
Mar 18, 2022 16:51:19.743 [12696:13800:0318/165119.742:ERROR:fallback_task_provider.cc(124)] Every renderer should have at least one task provided by a primary task provider. If a "Renderer" fallback task is shown, it is a bug. If you have repro steps, please file a new bug and tag it as a dependency of crbug.com/739782.
Mar 18, 2022 16:54:20.924 [12696:13800:0318/165420.923:ERROR:fallback_task_provider.cc(124)] Every renderer should have at least one task provided by a primary task provider. If a "Renderer" fallback task is shown, it is a bug. If you have repro steps, please file a new bug and tag it as a dependency of crbug.com/739782.
Mar 18, 2022 17:09:49.12 [12696:13800:0318/170949.011:ERROR:fallback_task_provider.cc(124)] Every renderer should have at least one task provided by a primary task provider. If a "Renderer" fallback task is shown, it is a bug. If you have repro steps, please file a new bug and tag it as a dependency of crbug.com/739782.
Mar 18, 2022 17:09:50.786 [12696:13800:0318/170950.786:ERROR:fallback_task_provider.cc(124)] Every renderer should have at least one task provided by a primary task provider. If a "Renderer" fallback task is shown, it is a bug. If you have repro steps, please file a new bug and tag it as a dependency of crbug.com/739782.
Mar 18, 2022 17:12:49.876 [12696:13800:0318/171249.875:ERROR:fallback_task_provider.cc(124)] Every renderer should have at least one task provided by a primary task provider. If a "Renderer" fallback task is shown, it is a bug. If you have repro steps, please file a new bug and tag it as a dependency of crbug.com/739782.
Mar 18, 2022 17:29:04.448 [12696:13800:0318/172904.447:ERROR:fallback_task_provider.cc(124)] Every renderer should have at least one task provided by a primary task provider. If a "Renderer" fallback task is shown, it is a bug. If you have repro steps, please file a new bug and tag it as a dependency of crbug.com/739782.
Mar 18, 2022 17:29:09.383 [12696:13800:0318/172909.382:ERROR:fallback_task_provider.cc(124)] Every renderer should have at least one task provided by a primary task provider. If a "Renderer" fallback task is shown, it is a bug. If you have repro steps, please file a new bug and tag it as a dependency of crbug.com/739782.
Mar 18, 2022 17:29:12.507 [12696:13800:0318/172912.505:ERROR:fallback_task_provider.cc(124)] Every renderer should have at least one task provided by a primary task provider. If a "Renderer" fallback task is shown, it is a bug. If you have repro steps, please file a new bug and tag it as a dependency of crbug.com/739782.
Mar 18, 2022 17:30:14.481 [12696:13800:0318/173014.480:ERROR:fallback_task_provider.cc(124)] Every renderer should have at least one task provided by a primary task provider. If a "Renderer" fallback task is shown, it is a bug. If you have repro steps, please file a new bug and tag it as a dependency of crbug.com/739782.
Mar 18, 2022 17:30:18.352 [12696:13800:0318/173018.351:ERROR:fallback_task_provider.cc(124)] Every renderer should have at least one task provided by a primary task provider. If a "Renderer" fallback task is shown, it is a bug. If you have repro steps, please file a new bug and tag it as a dependency of crbug.com/739782.
Mar 18, 2022 17:33:15.252 [12696:13800:0318/173315.252:ERROR:fallback_task_provider.cc(124)] Every renderer should have at least one task provided by a primary task provider. If a "Renderer" fallback task is shown, it is a bug. If you have repro steps, please file a new bug and tag it as a dependency of crbug.com/739782.
Mar 18, 2022 17:43:27.509 [12696:13800:0318/174327.509:ERROR:fallback_task_provider.cc(124)] Every renderer should have at least one task provided by a primary task provider. If a "Renderer" fallback task is shown, it is a bug. If you have repro steps, please file a new bug and tag it as a dependency of crbug.com/739782.
Mar 18, 2022 18:55:44.938 [12696:15564:0318/185544.937:ERROR:connection_factory_impl.cc(425)] Failed to connect to MCS endpoint with error -106
Mar 18, 2022 18:55:44.941 [12696:13380:0318/185544.940:ERROR:get_updates_processor.cc(260)] PostClientToServerMessage() failed during GetUpdates with error 2
Mar 18, 2022 19:01:19.559 [12696:13800:0318/190119.559:ERROR:fallback_task_provider.cc(124)] Every renderer should have at least one task provided by a primary task provider. If a "Renderer" fallback task is shown, it is a bug. If you have repro steps, please file a new bug and tag it as a dependency of crbug.com/739782.
Mar 18, 2022 19:01:22.480 [12696:13800:0318/190122.478:ERROR:fallback_task_provider.cc(124)] Every renderer should have at least one task provided by a primary task provider. If a "Renderer" fallback task is shown, it is a bug. If you have repro steps, please file a new bug and tag it as a dependency of crbug.com/739782.
Mar 18, 2022 19:01:54.86 [12696:13800:0318/190154.086:ERROR:fallback_task_provider.cc(124)] Every renderer should have at least one task provided by a primary task provider. If a "Renderer" fallback task is shown, it is a bug. If you have repro steps, please file a new bug and tag it as a dependency of crbug.com/739782.
Mar 18, 2022 19:01:58.269 [12696:13800:0318/190158.269:ERROR:fallback_task_provider.cc(124)] Every renderer should have at least one task provided by a primary task provider. If a "Renderer" fallback task is shown, it is a bug. If you have repro steps, please file a new bug and tag it as a dependency of crbug.com/739782.
Mar 18, 2022 19:02:21.318 [12696:13800:0318/190221.316:ERROR:fallback_task_provider.cc(124)] Every renderer should have at least one task provided by a primary task provider. If a "Renderer" fallback task is shown, it is a bug. If you have repro steps, please file a new bug and tag it as a dependency of crbug.com/739782.
Mar 18, 2022 19:07:44.877 [12696:13800:0318/190744.875:ERROR:fallback_task_provider.cc(124)] Every renderer should have at least one task provided by a primary task provider. If a "Renderer" fallback task is shown, it is a bug. If you have repro steps, please file a new bug and tag it as a dependency of crbug.com/739782.
Mar 18, 2022 19:08:26.381 [12696:13800:0318/190826.380:ERROR:fallback_task_provider.cc(124)] Every renderer should have at least one task provided by a primary task provider. If a "Renderer" fallback task is shown, it is a bug. If you have repro steps, please file a new bug and tag it as a dependency of crbug.com/739782.
Mar 18, 2022 19:10:07.264 [12696:13800:0318/191007.264:ERROR:fallback_task_provider.cc(124)] Every renderer should have at least one task provided by a primary task provider. If a "Renderer" fallback task is shown, it is a bug. If you have repro steps, please file a new bug and tag it as a dependency of crbug.com/739782.
Mar 18, 2022 19:11:25.649 [12696:13800:0318/191125.648:ERROR:fallback_task_provider.cc(124)] Every renderer should have at least one task provided by a primary task provider. If a "Renderer" fallback task is shown, it is a bug. If you have repro steps, please file a new bug and tag it as a dependency of crbug.com/739782.
Mar 18, 2022 19:30:32.48 [12696:13800:0318/193032.047:ERROR:fallback_task_provider.cc(124)] Every renderer should have at least one task provided by a primary task provider. If a "Renderer" fallback task is shown, it is a bug. If you have repro steps, please file a new bug and tag it as a dependency of crbug.com/739782.
Mar 18, 2022 19:33:31.47 [12696:13800:0318/193331.046:ERROR:fallback_task_provider.cc(124)] Every renderer should have at least one task provided by a primary task provider. If a "Renderer" fallback task is shown, it is a bug. If you have repro steps, please file a new bug and tag it as a dependency of crbug.com/739782.

Mar 18, 2022 23:55:11.43 NEW SESSION
Mar 18, 2022 23:55:11.44 [6400:9876:0318/235511.042:ERROR:fallback_task_provider.cc(124)] Every renderer should have at least one task provided by a primary task provider. If a "Renderer" fallback task is shown, it is a bug. If you have repro steps, please file a new bug and tag it as a dependency of crbug.com/739782.
Mar 18, 2022 23:55:11.56 [6400:9876:0318/235511.056:ERROR:fallback_task_provider.cc(124)] Every renderer should have at least one task provided by a primary task provider. If a "Renderer" fallback task is shown, it is a bug. If you have repro steps, please file a new bug and tag it as a dependency of crbug.com/739782.
Mar 18, 2022 23:55:12.719 [6400:9876:0318/235512.719:ERROR:device_event_log_impl.cc(214)] [23:55:12.718] Bluetooth: bluetooth_adapter_winrt.cc:1075 Getting Default Adapter failed.
Mar 18, 2022 23:55:12.790 [6400:9876:0318/235512.790:ERROR:device_event_log_impl.cc(214)] [23:55:12.790] USB: usb_device_handle_win.cc:1049 Failed to read descriptor from node connection: A device attached to the system is not functioning. (0x1F)
Mar 18, 2022 23:55:15.548 [6400:9876:0318/235515.548:ERROR:fallback_task_provider.cc(124)] Every renderer should have at least one task provided by a primary task provider. If a "Renderer" fallback task is shown, it is a bug. If you have repro steps, please file a new bug and tag it as a dependency of crbug.com/739782.
Mar 18, 2022 23:55:18.414 [6400:9876:0318/235518.414:ERROR:fallback_task_provider.cc(124)] Every renderer should have at least one task provided by a primary task provider. If a "Renderer" fallback task is shown, it is a bug. If you have repro steps, please file a new bug and tag it as a dependency of crbug.com/739782.
Mar 18, 2022 23:55:18.841 [6400:9876:0318/235518.841:ERROR:fallback_task_provider.cc(124)] Every renderer should have at least one task provided by a primary task provider. If a "Renderer" fallback task is shown, it is a bug. If you have repro steps, please file a new bug and tag it as a dependency of crbug.com/739782.
Mar 18, 2022 23:55:21.695 [6400:9876:0318/235521.695:ERROR:fallback_task_provider.cc(124)] Every renderer should have at least one task provided by a primary task provider. If a "Renderer" fallback task is shown, it is a bug. If you have repro steps, please file a new bug and tag it as a dependency of crbug.com/739782.
Mar 18, 2022 23:55:24.526 [6400:9876:0318/235524.526:ERROR:fallback_task_provider.cc(124)] Every renderer should have at least one task provided by a primary task provider. If a "Renderer" fallback task is shown, it is a bug. If you have repro steps, please file a new bug and tag it as a dependency of crbug.com/739782.
Mar 18, 2022 23:55:32.733 [6400:9876:0318/235532.733:ERROR:fallback_task_provider.cc(124)] Every renderer should have at least one task provided by a primary task provider. If a "Renderer" fallback task is shown, it is a bug. If you have repro steps, please file a new bug and tag it as a dependency of crbug.com/739782.
Mar 18, 2022 23:55:35.629 [6400:9876:0318/235535.629:ERROR:fallback_task_provider.cc(124)] Every renderer should have at least one task provided by a primary task provider. If a "Renderer" fallback task is shown, it is a bug. If you have repro steps, please file a new bug and tag it as a dependency of crbug.com/739782.
Mar 18, 2022 23:55:35.661 [6400:9876:0318/235535.661:ERROR:fallback_task_provider.cc(124)] Every renderer should have at least one task provided by a primary task provider. If a "Renderer" fallback task is shown, it is a bug. If you have repro steps, please file a new bug and tag it as a dependency of crbug.com/739782.
Mar 18, 2022 23:55:35.679 [6400:9876:0318/235535.678:ERROR:fallback_task_provider.cc(124)] Every renderer should have at least one task provided by a primary task provider. If a "Renderer" fallback task is shown, it is a bug. If you have repro steps, please file a new bug and tag it as a dependency of crbug.com/739782.
Mar 18, 2022 23:55:35.712 [6400:9876:0318/235535.711:ERROR:fallback_task_provider.cc(124)] Every renderer should have at least one task provided by a primary task provider. If a "Renderer" fallback task is shown, it is a bug. If you have repro steps, please file a new bug and tag it as a dependency of crbug.com/739782.
Mar 18, 2022 23:55:35.854 [6400:9876:0318/235535.854:ERROR:fallback_task_provider.cc(124)] Every renderer should have at least one task provided by a primary task provider. If a "Renderer" fallback task is shown, it is a bug. If you have repro steps, please file a new bug and tag it as a dependency of crbug.com/739782.
Mar 18, 2022 23:55:41.646 [6400:9876:0318/235541.645:ERROR:fallback_task_provider.cc(124)] Every renderer should have at least one task provided by a primary task provider. If a "Renderer" fallback task is shown, it is a bug. If you have repro steps, please file a new bug and tag it as a dependency of crbug.com/739782.
Mar 18, 2022 23:55:42.639 [6400:9876:0318/235542.639:ERROR:fallback_task_provider.cc(124)] Every renderer should have at least one task provided by a primary task provider. If a "Renderer" fallback task is shown, it is a bug. If you have repro steps, please file a new bug and tag it as a dependency of crbug.com/739782.
Mar 18, 2022 23:55:42.648 [6400:9876:0318/235542.648:ERROR:fallback_task_provider.cc(124)] Every renderer should have at least one task provided by a primary task provider. If a "Renderer" fallback task is shown, it is a bug. If you have repro steps, please file a new bug and tag it as a dependency of crbug.com/739782.
Mar 18, 2022 23:55:42.861 [6400:9876:0318/235542.861:ERROR:fallback_task_provider.cc(124)] Every renderer should have at least one task provided by a primary task provider. If a "Renderer" fallback task is shown, it is a bug. If you have repro steps, please file a new bug and tag it as a dependency of crbug.com/739782.
Mar 18, 2022 23:55:42.881 [6400:9876:0318/235542.880:ERROR:fallback_task_provider.cc(124)] Every renderer should have at least one task provided by a primary task provider. If a "Renderer" fallback task is shown, it is a bug. If you have repro steps, please file a new bug and tag it as a dependency of crbug.com/739782.
Mar 18, 2022 23:55:42.923 [6400:9876:0318/235542.922:ERROR:fallback_task_provider.cc(124)] Every renderer should have at least one task provided by a primary task provider. If a "Renderer" fallback task is shown, it is a bug. If you have repro steps, please file a new bug and tag it as a dependency of crbug.com/739782.
Mar 18, 2022 23:55:44.612 [6400:9876:0318/235544.612:ERROR:fallback_task_provider.cc(124)] Every renderer should have at least one task provided by a primary task provider. If a "Renderer" fallback task is shown, it is a bug. If you have repro steps, please file a new bug and tag it as a dependency of crbug.com/739782.
Mar 18, 2022 23:55:44.622 [6400:9876:0318/235544.622:ERROR:fallback_task_provider.cc(124)] Every renderer should have at least one task provided by a primary task provider. If a "Renderer" fallback task is shown, it is a bug. If you have repro steps, please file a new bug and tag it as a dependency of crbug.com/739782.
Mar 18, 2022 23:55:44.649 [6400:9876:0318/235544.649:ERROR:fallback_task_provider.cc(124)] Every renderer should have at least one task provided by a primary task provider. If a "Renderer" fallback task is shown, it is a bug. If you have repro steps, please file a new bug and tag it as a dependency of crbug.com/739782.
Mar 18, 2022 23:55:44.674 [6400:9876:0318/235544.674:ERROR:fallback_task_provider.cc(124)] Every renderer should have at least one task provided by a primary task provider. If a "Renderer" fallback task is shown, it is a bug. If you have repro steps, please file a new bug and tag it as a dependency of crbug.com/739782.
Mar 19, 2022 24:09:30.715 [6400:9876:0319/000930.715:ERROR:fallback_task_provider.cc(124)] Every renderer should have at least one task provided by a primary task provider. If a "Renderer" fallback task is shown, it is a bug. If you have repro steps, please file a new bug and tag it as a dependency of crbug.com/739782.
Mar 19, 2022 24:10:38.536 [6400:9876:0319/001038.535:ERROR:fallback_task_provider.cc(124)] Every renderer should have at least one task provided by a primary task provider. If a "Renderer" fallback task is shown, it is a bug. If you have repro steps, please file a new bug and tag it as a dependency of crbug.com/739782.
Mar 19, 2022 24:16:27.881 [6400:9876:0319/001627.880:ERROR:fallback_task_provider.cc(124)] Every renderer should have at least one task provided by a primary task provider. If a "Renderer" fallback task is shown, it is a bug. If you have repro steps, please file a new bug and tag it as a dependency of crbug.com/739782.
Mar 19, 2022 24:35:49.952 [6400:9876:0319/003549.951:ERROR:fallback_task_provider.cc(124)] Every renderer should have at least one task provided by a primary task provider. If a "Renderer" fallback task is shown, it is a bug. If you have repro steps, please file a new bug and tag it as a dependency of crbug.com/739782.
Mar 19, 2022 24:37:10.307 [6400:9876:0319/003710.307:ERROR:fallback_task_provider.cc(124)] Every renderer should have at least one task provided by a primary task provider. If a "Renderer" fallback task is shown, it is a bug. If you have repro steps, please file a new bug and tag it as a dependency of crbug.com/739782.
Mar 19, 2022 24:37:16.394 [6400:9876:0319/003716.393:ERROR:fallback_task_provider.cc(124)] Every renderer should have at least one task provided by a primary task provider. If a "Renderer" fallback task is shown, it is a bug. If you have repro steps, please file a new bug and tag it as a dependency of crbug.com/739782.
Mar 19, 2022 24:38:24.765 [6400:9876:0319/003824.764:ERROR:fallback_task_provider.cc(124)] Every renderer should have at least one task provided by a primary task provider. If a "Renderer" fallback task is shown, it is a bug. If you have repro steps, please file a new bug and tag it as a dependency of crbug.com/739782.
Mar 19, 2022 24:40:32.277 [6400:9876:0319/004032.276:ERROR:fallback_task_provider.cc(124)] Every renderer should have at least one task provided by a primary task provider. If a "Renderer" fallback task is shown, it is a bug. If you have repro steps, please file a new bug and tag it as a dependency of crbug.com/739782.
Mar 19, 2022 24:40:38.771 [6400:9876:0319/004038.770:ERROR:fallback_task_provider.cc(124)] Every renderer should have at least one task provided by a primary task provider. If a "Renderer" fallback task is shown, it is a bug. If you have repro steps, please file a new bug and tag it as a dependency of crbug.com/739782.
Mar 19, 2022 24:41:38.907 [6400:9876:0319/004138.906:ERROR:fallback_task_provider.cc(124)] Every renderer should have at least one task provided by a primary task provider. If a "Renderer" fallback task is shown, it is a bug. If you have repro steps, please file a new bug and tag it as a dependency of crbug.com/739782.
Mar 19, 2022 24:43:09.511 [6400:9876:0319/004309.510:ERROR:fallback_task_provider.cc(124)] Every renderer should have at least one task provided by a primary task provider. If a "Renderer" fallback task is shown, it is a bug. If you have repro steps, please file a new bug and tag it as a dependency of crbug.com/739782.
Mar 19, 2022 24:45:57.671 [6400:9876:0319/004557.671:ERROR:fallback_task_provider.cc(124)] Every renderer should have at least one task provided by a primary task provider. If a "Renderer" fallback task is shown, it is a bug. If you have repro steps, please file a new bug and tag it as a dependency of crbug.com/739782.
Mar 19, 2022 24:47:24.734 [6400:9876:0319/004724.733:ERROR:fallback_task_provider.cc(124)] Every renderer should have at least one task provided by a primary task provider. If a "Renderer" fallback task is shown, it is a bug. If you have repro steps, please file a new bug and tag it as a dependency of crbug.com/739782.
Mar 19, 2022 24:50:46.172 [6400:9876:0319/005046.171:ERROR:fallback_task_provider.cc(124)] Every renderer should have at least one task provided by a primary task provider. If a "Renderer" fallback task is shown, it is a bug. If you have repro steps, please file a new bug and tag it as a dependency of crbug.com/739782.
Mar 19, 2022 24:54:48.161 [6400:9876:0319/005448.159:ERROR:fallback_task_provider.cc(124)] Every renderer should have at least one task provided by a primary task provider. If a "Renderer" fallback task is shown, it is a bug. If you have repro steps, please file a new bug and tag it as a dependency of crbug.com/739782.
Mar 19, 2022 24:55:31.133 [6400:9876:0319/005531.132:ERROR:fallback_task_provider.cc(124)] Every renderer should have at least one task provided by a primary task provider. If a "Renderer" fallback task is shown, it is a bug. If you have repro steps, please file a new bug and tag it as a dependency of crbug.com/739782.
Mar 19, 2022 24:55:42.467 [6400:9876:0319/005542.466:ERROR:fallback_task_provider.cc(124)] Every renderer should have at least one task provided by a primary task provider. If a "Renderer" fallback task is shown, it is a bug. If you have repro steps, please file a new bug and tag it as a dependency of crbug.com/739782.
Mar 19, 2022 24:55:45.88 [6400:9876:0319/005545.088:ERROR:fallback_task_provider.cc(124)] Every renderer should have at least one task provided by a primary task provider. If a "Renderer" fallback task is shown, it is a bug. If you have repro steps, please file a new bug and tag it as a dependency of crbug.com/739782.
Mar 19, 2022 24:55:45.119 [6400:9876:0319/005545.119:ERROR:fallback_task_provider.cc(124)] Every renderer should have at least one task provided by a primary task provider. If a "Renderer" fallback task is shown, it is a bug. If you have repro steps, please file a new bug and tag it as a dependency of crbug.com/739782.
Mar 19, 2022 24:55:45.146 [6400:9876:0319/005545.145:ERROR:fallback_task_provider.cc(124)] Every renderer should have at least one task provided by a primary task provider. If a "Renderer" fallback task is shown, it is a bug. If you have repro steps, please file a new bug and tag it as a dependency of crbug.com/739782.
Mar 19, 2022 24:55:45.169 [6400:9876:0319/005545.168:ERROR:fallback_task_provider.cc(124)] Every renderer should have at least one task provided by a primary task provider. If a "Renderer" fallback task is shown, it is a bug. If you have repro steps, please file a new bug and tag it as a dependency of crbug.com/739782.
Mar 19, 2022 24:58:20.461 [6400:9876:0319/005820.460:ERROR:fallback_task_provider.cc(124)] Every renderer should have at least one task provided by a primary task provider. If a "Renderer" fallback task is shown, it is a bug. If you have repro steps, please file a new bug and tag it as a dependency of crbug.com/739782.
Mar 19, 2022 24:58:32.426 [6400:9876:0319/005832.425:ERROR:fallback_task_provider.cc(124)] Every renderer should have at least one task provided by a primary task provider. If a "Renderer" fallback task is shown, it is a bug. If you have repro steps, please file a new bug and tag it as a dependency of crbug.com/739782.
Mar 19, 2022 24:58:38.405 [6400:9876:0319/005838.405:ERROR:fallback_task_provider.cc(124)] Every renderer should have at least one task provided by a primary task provider. If a "Renderer" fallback task is shown, it is a bug. If you have repro steps, please file a new bug and tag it as a dependency of crbug.com/739782.
Mar 19, 2022 01:01:01.210 [6400:9876:0319/010101.209:ERROR:fallback_task_provider.cc(124)] Every renderer should have at least one task provided by a primary task provider. If a "Renderer" fallback task is shown, it is a bug. If you have repro steps, please file a new bug and tag it as a dependency of crbug.com/739782.
Mar 19, 2022 01:01:27.175 [6400:9876:0319/010127.174:ERROR:fallback_task_provider.cc(124)] Every renderer should have at least one task provided by a primary task provider. If a "Renderer" fallback task is shown, it is a bug. If you have repro steps, please file a new bug and tag it as a dependency of crbug.com/739782.
Mar 19, 2022 01:01:34.06 [6400:9876:0319/010134.005:ERROR:fallback_task_provider.cc(124)] Every renderer should have at least one task provided by a primary task provider. If a "Renderer" fallback task is shown, it is a bug. If you have repro steps, please file a new bug and tag it as a dependency of crbug.com/739782.
Mar 19, 2022 01:03:26.890 [6400:9876:0319/010326.889:ERROR:fallback_task_provider.cc(124)] Every renderer should have at least one task provided by a primary task provider. If a "Renderer" fallback task is shown, it is a bug. If you have repro steps, please file a new bug and tag it as a dependency of crbug.com/739782.
Mar 19, 2022 01:04:22.689 [6400:9876:0319/010422.688:ERROR:fallback_task_provider.cc(124)] Every renderer should have at least one task provided by a primary task provider. If a "Renderer" fallback task is shown, it is a bug. If you have repro steps, please file a new bug and tag it as a dependency of crbug.com/739782.
Mar 19, 2022 01:04:24.505 [6400:9876:0319/010424.504:ERROR:fallback_task_provider.cc(124)] Every renderer should have at least one task provided by a primary task provider. If a "Renderer" fallback task is shown, it is a bug. If you have repro steps, please file a new bug and tag it as a dependency of crbug.com/739782.
Mar 19, 2022 01:04:46.144 [6400:9876:0319/010446.144:ERROR:fallback_task_provider.cc(124)] Every renderer should have at least one task provided by a primary task provider. If a "Renderer" fallback task is shown, it is a bug. If you have repro steps, please file a new bug and tag it as a dependency of crbug.com/739782.
Mar 19, 2022 01:06:28.186 [6400:9876:0319/010628.185:ERROR:fallback_task_provider.cc(124)] Every renderer should have at least one task provided by a primary task provider. If a "Renderer" fallback task is shown, it is a bug. If you have repro steps, please file a new bug and tag it as a dependency of crbug.com/739782.
Mar 19, 2022 01:06:49.433 [6400:9876:0319/010649.433:ERROR:fallback_task_provider.cc(124)] Every renderer should have at least one task provided by a primary task provider. If a "Renderer" fallback task is shown, it is a bug. If you have repro steps, please file a new bug and tag it as a dependency of crbug.com/739782.
Mar 19, 2022 01:06:50.286 [6400:9876:0319/010650.286:ERROR:fallback_task_provider.cc(124)] Every renderer should have at least one task provided by a primary task provider. If a "Renderer" fallback task is shown, it is a bug. If you have repro steps, please file a new bug and tag it as a dependency of crbug.com/739782.
Mar 19, 2022 01:07:57.960 [6400:9876:0319/010757.959:ERROR:fallback_task_provider.cc(124)] Every renderer should have at least one task provided by a primary task provider. If a "Renderer" fallback task is shown, it is a bug. If you have repro steps, please file a new bug and tag it as a dependency of crbug.com/739782.
Mar 19, 2022 01:08:06.27 [6400:9876:0319/010806.027:ERROR:fallback_task_provider.cc(124)] Every renderer should have at least one task provided by a primary task provider. If a "Renderer" fallback task is shown, it is a bug. If you have repro steps, please file a new bug and tag it as a dependency of crbug.com/739782.
Mar 19, 2022 01:08:42.676 [6400:9876:0319/010842.676:ERROR:fallback_task_provider.cc(124)] Every renderer should have at least one task provided by a primary task provider. If a "Renderer" fallback task is shown, it is a bug. If you have repro steps, please file a new bug and tag it as a dependency of crbug.com/739782.
Mar 19, 2022 01:08:52.634 [6400:9876:0319/010852.633:ERROR:fallback_task_provider.cc(124)] Every renderer should have at least one task provided by a primary task provider. If a "Renderer" fallback task is shown, it is a bug. If you have repro steps, please file a new bug and tag it as a dependency of crbug.com/739782.
Mar 19, 2022 01:09:32.846 [6400:9876:0319/010932.845:ERROR:fallback_task_provider.cc(124)] Every renderer should have at least one task provided by a primary task provider. If a "Renderer" fallback task is shown, it is a bug. If you have repro steps, please file a new bug and tag it as a dependency of crbug.com/739782.
Mar 19, 2022 01:09:41.175 [6400:9876:0319/010941.174:ERROR:fallback_task_provider.cc(124)] Every renderer should have at least one task provided by a primary task provider. If a "Renderer" fallback task is shown, it is a bug. If you have repro steps, please file a new bug and tag it as a dependency of crbug.com/739782.
Mar 19, 2022 01:11:50.105 [6400:9876:0319/011150.104:ERROR:fallback_task_provider.cc(124)] Every renderer should have at least one task provided by a primary task provider. If a "Renderer" fallback task is shown, it is a bug. If you have repro steps, please file a new bug and tag it as a dependency of crbug.com/739782.
Mar 19, 2022 01:11:52.14 [6400:9876:0319/011152.012:ERROR:fallback_task_provider.cc(124)] Every renderer should have at least one task provided by a primary task provider. If a "Renderer" fallback task is shown, it is a bug. If you have repro steps, please file a new bug and tag it as a dependency of crbug.com/739782.
Mar 19, 2022 01:12:14.417 [6400:9876:0319/011214.416:ERROR:fallback_task_provider.cc(124)] Every renderer should have at least one task provided by a primary task provider. If a "Renderer" fallback task is shown, it is a bug. If you have repro steps, please file a new bug and tag it as a dependency of crbug.com/739782.
Mar 19, 2022 01:12:18.808 [6400:9876:0319/011218.808:ERROR:fallback_task_provider.cc(124)] Every renderer should have at least one task provided by a primary task provider. If a "Renderer" fallback task is shown, it is a bug. If you have repro steps, please file a new bug and tag it as a dependency of crbug.com/739782.
Mar 19, 2022 01:12:30.142 [6400:9876:0319/011230.142:ERROR:fallback_task_provider.cc(124)] Every renderer should have at least one task provided by a primary task provider. If a "Renderer" fallback task is shown, it is a bug. If you have repro steps, please file a new bug and tag it as a dependency of crbug.com/739782.
Mar 19, 2022 01:12:40.148 [6400:9876:0319/011240.147:ERROR:fallback_task_provider.cc(124)] Every renderer should have at least one task provided by a primary task provider. If a "Renderer" fallback task is shown, it is a bug. If you have repro steps, please file a new bug and tag it as a dependency of crbug.com/739782.
Mar 19, 2022 01:15:29.143 [6400:9876:0319/011529.142:ERROR:fallback_task_provider.cc(124)] Every renderer should have at least one task provided by a primary task provider. If a "Renderer" fallback task is shown, it is a bug. If you have repro steps, please file a new bug and tag it as a dependency of crbug.com/739782.

Mar 19, 2022 13:37:21.834 NEW SESSION
Mar 19, 2022 13:37:21.834 [6884:14624:0319/133721.832:ERROR:fallback_task_provider.cc(124)] Every renderer should have at least one task provided by a primary task provider. If a "Renderer" fallback task is shown, it is a bug. If you have repro steps, please file a new bug and tag it as a dependency of crbug.com/739782.
Mar 19, 2022 13:37:23.315 [6884:14624:0319/133723.314:ERROR:device_event_log_impl.cc(214)] [13:37:23.314] Bluetooth: bluetooth_adapter_winrt.cc:1075 Getting Default Adapter failed.
Mar 19, 2022 13:37:23.405 [6884:14624:0319/133723.404:ERROR:device_event_log_impl.cc(214)] [13:37:23.404] USB: usb_device_handle_win.cc:1049 Failed to read descriptor from node connection: A device attached to the system is not functioning. (0x1F)
Mar 19, 2022 13:37:26.950 [6884:14624:0319/133726.950:ERROR:fallback_task_provider.cc(124)] Every renderer should have at least one task provided by a primary task provider. If a "Renderer" fallback task is shown, it is a bug. If you have repro steps, please file a new bug and tag it as a dependency of crbug.com/739782.
Mar 19, 2022 13:37:29.214 [6884:14624:0319/133729.214:ERROR:fallback_task_provider.cc(124)] Every renderer should have at least one task provided by a primary task provider. If a "Renderer" fallback task is shown, it is a bug. If you have repro steps, please file a new bug and tag it as a dependency of crbug.com/739782.
Mar 19, 2022 13:37:30.199 [6884:14624:0319/133730.199:ERROR:fallback_task_provider.cc(124)] Every renderer should have at least one task provided by a primary task provider. If a "Renderer" fallback task is shown, it is a bug. If you have repro steps, please file a new bug and tag it as a dependency of crbug.com/739782.
Mar 19, 2022 13:37:32.340 [6884:14624:0319/133732.340:ERROR:fallback_task_provider.cc(124)] Every renderer should have at least one task provided by a primary task provider. If a "Renderer" fallback task is shown, it is a bug. If you have repro steps, please file a new bug and tag it as a dependency of crbug.com/739782.
Mar 19, 2022 13:37:32.566 [6884:14624:0319/133732.566:ERROR:fallback_task_provider.cc(124)] Every renderer should have at least one task provided by a primary task provider. If a "Renderer" fallback task is shown, it is a bug. If you have repro steps, please file a new bug and tag it as a dependency of crbug.com/739782.
Mar 19, 2022 13:37:32.589 [6884:14624:0319/133732.589:ERROR:fallback_task_provider.cc(124)] Every renderer should have at least one task provided by a primary task provider. If a "Renderer" fallback task is shown, it is a bug. If you have repro steps, please file a new bug and tag it as a dependency of crbug.com/739782.
Mar 19, 2022 13:37:32.629 [6884:14624:0319/133732.628:ERROR:fallback_task_provider.cc(124)] Every renderer should have at least one task provided by a primary task provider. If a "Renderer" fallback task is shown, it is a bug. If you have repro steps, please file a new bug and tag it as a dependency of crbug.com/739782.
Mar 19, 2022 13:37:32.673 [6884:14624:0319/133732.672:ERROR:fallback_task_provider.cc(124)] Every renderer should have at least one task provided by a primary task provider. If a "Renderer" fallback task is shown, it is a bug. If you have repro steps, please file a new bug and tag it as a dependency of crbug.com/739782.
Mar 19, 2022 13:37:32.861 [6884:14624:0319/133732.861:ERROR:fallback_task_provider.cc(124)] Every renderer should have at least one task provided by a primary task provider. If a "Renderer" fallback task is shown, it is a bug. If you have repro steps, please file a new bug and tag it as a dependency of crbug.com/739782.
Mar 19, 2022 13:37:39.383 [6884:14624:0319/133739.383:ERROR:fallback_task_provider.cc(124)] Every renderer should have at least one task provided by a primary task provider. If a "Renderer" fallback task is shown, it is a bug. If you have repro steps, please file a new bug and tag it as a dependency of crbug.com/739782.
Mar 19, 2022 13:37:41.429 [6884:14624:0319/133741.429:ERROR:fallback_task_provider.cc(124)] Every renderer should have at least one task provided by a primary task provider. If a "Renderer" fallback task is shown, it is a bug. If you have repro steps, please file a new bug and tag it as a dependency of crbug.com/739782.
Mar 19, 2022 13:37:41.661 [6884:14624:0319/133741.661:ERROR:fallback_task_provider.cc(124)] Every renderer should have at least one task provided by a primary task provider. If a "Renderer" fallback task is shown, it is a bug. If you have repro steps, please file a new bug and tag it as a dependency of crbug.com/739782.
Mar 19, 2022 13:37:41.666 [6884:14624:0319/133741.665:ERROR:fallback_task_provider.cc(124)] Every renderer should have at least one task provided by a primary task provider. If a "Renderer" fallback task is shown, it is a bug. If you have repro steps, please file a new bug and tag it as a dependency of crbug.com/739782.
Mar 19, 2022 13:37:43.325 [6884:14624:0319/133743.325:ERROR:fallback_task_provider.cc(124)] Every renderer should have at least one task provided by a primary task provider. If a "Renderer" fallback task is shown, it is a bug. If you have repro steps, please file a new bug and tag it as a dependency of crbug.com/739782.
Mar 19, 2022 13:37:43.338 [6884:14624:0319/133743.337:ERROR:fallback_task_provider.cc(124)] Every renderer should have at least one task provided by a primary task provider. If a "Renderer" fallback task is shown, it is a bug. If you have repro steps, please file a new bug and tag it as a dependency of crbug.com/739782.

Mar 22, 2022 11:25:17.445 NEW SESSION
Mar 22, 2022 11:25:17.445 [6540:14788:0322/112517.443:ERROR:device_event_log_impl.cc(214)] [11:25:17.443] Bluetooth: bluetooth_adapter_winrt.cc:1075 Getting Default Adapter failed.
Mar 22, 2022 11:25:17.485 [6540:13316:0322/112517.484:ERROR:connection_factory_impl.cc(425)] Failed to connect to MCS endpoint with error -106
Mar 22, 2022 11:25:17.486 [6540:13316:0322/112517.485:ERROR:registration_request.cc(247)] Registration URL fetching failed.
Mar 22, 2022 11:25:17.533 [6540:14788:0322/112517.533:ERROR:device_event_log_impl.cc(214)] [11:25:17.533] USB: usb_device_handle_win.cc:1049 Failed to read descriptor from node connection: A device attached to the system is not functioning. (0x1F)
Mar 22, 2022 11:25:40.753 [6540:13316:0322/112540.751:ERROR:connection_factory_impl.cc(425)] Failed to connect to MCS endpoint with error -106
Mar 22, 2022 11:25:45.452 [6540:13316:0322/112545.451:ERROR:registration_request.cc(247)] Registration URL fetching failed.
Mar 22, 2022 11:26:37.187 [6540:13316:0322/112637.186:ERROR:registration_request.cc(247)] Registration URL fetching failed.
Mar 22, 2022 11:26:38.224 [6540:13316:0322/112638.223:ERROR:connection_factory_impl.cc(425)] Failed to connect to MCS endpoint with error -106
Mar 22, 2022 11:28:09.649 [6540:13316:0322/112809.648:ERROR:registration_request.cc(247)] Registration URL fetching failed.
Mar 22, 2022 11:28:15.341 [6540:13316:0322/112815.340:ERROR:connection_factory_impl.cc(425)] Failed to connect to MCS endpoint with error -106
Mar 22, 2022 11:31:17.929 [6540:13316:0322/113117.927:ERROR:connection_factory_impl.cc(425)] Failed to connect to MCS endpoint with error -106
Mar 22, 2022 11:31:32.945 [6540:13316:0322/113132.943:ERROR:registration_request.cc(247)] Registration URL fetching failed.
Mar 22, 2022 11:37:56.408 [6540:13316:0322/113756.407:ERROR:connection_factory_impl.cc(425)] Failed to connect to MCS endpoint with error -106
Mar 22, 2022 11:38:03.36 [6540:13316:0322/113803.035:ERROR:registration_request.cc(247)] Registration URL fetching failed.
Mar 22, 2022 11:38:03.38 [6540:14788:0322/113803.035:ERROR:sharing_service.cc(210)] Device registration failed with transient error
Mar 22, 2022 11:42:53.408 [6540:13316:0322/114253.407:ERROR:registration_request.cc(247)] Registration URL fetching failed.
Mar 22, 2022 11:43:17.732 [6540:13316:0322/114317.731:ERROR:registration_request.cc(247)] Registration URL fetching failed.
Mar 22, 2022 11:44:13.693 [6540:13316:0322/114413.692:ERROR:registration_request.cc(247)] Registration URL fetching failed.
Mar 22, 2022 11:45:44.573 [6540:13316:0322/114544.572:ERROR:registration_request.cc(247)] Registration URL fetching failed.
Mar 22, 2022 12:05:48.105 [6540:13316:0322/120548.102:ERROR:connection_factory_impl.cc(425)] Failed to connect to MCS endpoint with error -106
Mar 22, 2022 12:05:48.108 [6540:13316:0322/120548.105:ERROR:registration_request.cc(247)] Registration URL fetching failed.

Mar 23, 2022 23:21:58.714 NEW SESSION
Mar 23, 2022 23:21:58.715 [16004:6632:0323/232158.712:ERROR:device_event_log_impl.cc(214)] [23:21:58.712] USB: usb_device_handle_win.cc:1049 Failed to read descriptor from node connection: A device attached to the system is not functioning. (0x1F)
Mar 24, 2022 01:15:17.627 [16004:12740:0324/011517.626:ERROR:database.cc(1777)] Passwords SQLite error: code 2067 errno 0: UNIQUE constraint failed: logins.origin_url, logins.username_element, logins.username_value, logins.password_element, logins.signon_realm sql: INSERT INTO logins (origin_url, action_url, username_element, username_value, password_element, password_value, submit_element, signon_realm, date_created, blacklisted_by_user, scheme, password_type, times_used, form_data, display_name, icon_url, federation_url, skip_zero_click, generation_upload_status, possible_username_pairs, id, date_last_used, moving_blocked_for, date_password_modified) VALUES (?,?,?,?,?,?,?,?,?,?,?,?,?,?,?,?,?,?,?,?,?,?,?,?)
Mar 24, 2022 01:35:14.296 [16004:12740:0324/013514.295:ERROR:database.cc(1777)] Passwords SQLite error: code 2067 errno 0: UNIQUE constraint failed: logins.origin_url, logins.username_element, logins.username_value, logins.password_element, logins.signon_realm sql: INSERT INTO logins (origin_url, action_url, username_element, username_value, password_element, password_value, submit_element, signon_realm, date_created, blacklisted_by_user, scheme, password_type, times_used, form_data, display_name, icon_url, federation_url, skip_zero_click, generation_upload_status, possible_username_pairs, id, date_last_used, moving_blocked_for, date_password_modified) VALUES (?,?,?,?,?,?,?,?,?,?,?,?,?,?,?,?,?,?,?,?,?,?,?,?)
Mar 24, 2022 01:36:10.688 [16004:12740:0324/013610.688:ERROR:database.cc(1777)] Passwords SQLite error: code 2067 errno 0: UNIQUE constraint failed: logins.origin_url, logins.username_element, logins.username_value, logins.password_element, logins.signon_realm sql: INSERT INTO logins (origin_url, action_url, username_element, username_value, password_element, password_value, submit_element, signon_realm, date_created, blacklisted_by_user, scheme, password_type, times_used, form_data, display_name, icon_url, federation_url, skip_zero_click, generation_upload_status, possible_username_pairs, id, date_last_used, moving_blocked_for, date_password_modified) VALUES (?,?,?,?,?,?,?,?,?,?,?,?,?,?,?,?,?,?,?,?,?,?,?,?)
Mar 24, 2022 02:00:27.160 [16004:12740:0324/020027.160:ERROR:database.cc(1777)] Passwords SQLite error: code 2067 errno 0: UNIQUE constraint failed: logins.origin_url, logins.username_element, logins.username_value, logins.password_element, logins.signon_realm sql: INSERT INTO logins (origin_url, action_url, username_element, username_value, password_element, password_value, submit_element, signon_realm, date_created, blacklisted_by_user, scheme, password_type, times_used, form_data, display_name, icon_url, federation_url, skip_zero_click, generation_upload_status, possible_username_pairs, id, date_last_used, moving_blocked_for, date_password_modified) VALUES (?,?,?,?,?,?,?,?,?,?,?,?,?,?,?,?,?,?,?,?,?,?,?,?)
Mar 24, 2022 03:26:42.442 [16004:6632:0324/032642.442:ERROR:CONSOLE(0)] "TypeError: Cannot read properties of null (reading '__widget')", source:  (0)
Mar 24, 2022 03:32:14.20 [16004:6632:0324/033214.019:ERROR:CONSOLE(0)] "TypeError: Cannot read properties of null (reading '__widget')", source:  (0)

Mar 24, 2022 03:41:27.854 NEW SESSION
Mar 24, 2022 03:41:27.854 [5904:13612:0324/034127.853:ERROR:device_event_log_impl.cc(214)] [03:41:27.852] USB: usb_device_handle_win.cc:1049 Failed to read descriptor from node connection: A device attached to the system is not functioning. (0x1F)

Mar 25, 2022 14:21:49.959 NEW SESSION
Mar 25, 2022 14:21:49.959 [8584:1764:0325/142149.957:ERROR:connection_factory_impl.cc(425)] Failed to connect to MCS endpoint with error -106
Mar 25, 2022 14:21:49.985 [8584:3208:0325/142149.984:ERROR:device_event_log_impl.cc(214)] [14:21:49.984] USB: usb_device_handle_win.cc:1049 Failed to read descriptor from node connection: A device attached to the system is not functioning. (0x1F)
Mar 25, 2022 14:22:10.676 [8584:1764:0325/142210.675:ERROR:connection_factory_impl.cc(425)] Failed to connect to MCS endpoint with error -106
Mar 25, 2022 14:23:01.912 [8584:1764:0325/142301.911:ERROR:connection_factory_impl.cc(425)] Failed to connect to MCS endpoint with error -106
Mar 25, 2022 14:24:54.515 [8584:1764:0325/142454.513:ERROR:connection_factory_impl.cc(425)] Failed to connect to MCS endpoint with error -106

Mar 28, 2022 01:01:58.894 NEW SESSION
Mar 28, 2022 01:01:58.894 [6452:4928:0328/010158.892:ERROR:device_event_log_impl.cc(214)] [01:01:58.892] USB: usb_device_handle_win.cc:1049 Failed to read descriptor from node connection: A device attached to the system is not functioning. (0x1F)
Mar 28, 2022 01:39:49.977 [6452:4928:0328/013949.977:ERROR:device_event_log_impl.cc(214)] [01:39:49.976] USB: usb_service_win.cc:260 Failed to get device driver name: Element not found. (0x490)

Apr 02, 2022 19:52:39.411 NEW SESSION
Apr 02, 2022 19:52:39.411 [14916:8408:0402/195239.409:ERROR:connection_factory_impl.cc(425)] Failed to connect to MCS endpoint with error -106
Apr 02, 2022 19:52:39.457 [14916:1956:0402/195239.457:ERROR:device_event_log_impl.cc(214)] [19:52:39.456] USB: usb_device_handle_win.cc:1049 Failed to read descriptor from node connection: A device attached to the system is not functioning. (0x1F)
Apr 02, 2022 19:53:00.272 [14916:8408:0402/195300.270:ERROR:connection_factory_impl.cc(425)] Failed to connect to MCS endpoint with error -106
Apr 02, 2022 19:53:49.407 [14916:8408:0402/195349.406:ERROR:connection_factory_impl.cc(425)] Failed to connect to MCS endpoint with error -106
Apr 02, 2022 19:55:29.331 [14916:8408:0402/195529.330:ERROR:connection_factory_impl.cc(425)] Failed to connect to MCS endpoint with error -106
Apr 02, 2022 19:58:32.361 [14916:8408:0402/195832.360:ERROR:connection_factory_impl.cc(425)] Failed to connect to MCS endpoint with error -106
Apr 02, 2022 19:59:57.114 [14916:8408:0402/195957.114:ERROR:connection_factory_impl.cc(425)] Failed to connect to MCS endpoint with error -105
Apr 02, 2022 20:00:08.515 [14916:1956:0402/200008.514:ERROR:device_event_log_impl.cc(214)] [20:00:08.513] USB: usb_service_win.cc:260 Failed to get device driver name: Element not found. (0x490)
Apr 02, 2022 20:00:09.526 [14916:8408:0402/200009.526:ERROR:connection_factory_impl.cc(425)] Failed to connect to MCS endpoint with error -106
